<?xml version="1.0" encoding="UTF-8"?>
<!-- Generated by org.testng.reporters.JUnitXMLReporter -->
<testsuite ignored="0" hostname="DESKTOP-S5MMF0I" failures="1" tests="2" name="Test" time="98.628" errors="0" timestamp="2023-04-07T18:18:10 IST">
  <testcase classname="TestCases.EMIcalculatorTest" name="TC01_ExplorePoduct" time="35.47"/>
  <testcase classname="TestCases.EMIcalculatorTest1" name="TC01_ExplorePoduct" time="16.674">
    <failure type="java.lang.AssertionError" message="expected [https://www.kotak.com/en/personal-banking/loans/personal-loan/personal-loan-emi-calculator.html123] but found [https://www.kotak.com/en/personal-banking/loans/personal-loan/personal-loan-emi-calculator.html]">
      <![CDATA[java.lang.AssertionError: expected [https://www.kotak.com/en/personal-banking/loans/personal-loan/personal-loan-emi-calculator.html123] but found [https://www.kotak.com/en/personal-banking/loans/personal-loan/personal-loan-emi-calculator.html]
at TestCases.EMIcalculatorTest1.TC01_ExplorePoduct(EMIcalculatorTest1.java:37)
at java.base/java.util.ArrayList.forEach(ArrayList.java:1511)
... Removed 33 stack frames]]>
    </failure>
  </testcase> <!-- TC01_ExplorePoduct -->
</testsuite> <!-- Test -->
